2017-03-11 03:05:33,860 ERROR    root            (gcloud) too few arguments
2017-03-11 03:05:33,878 DEBUG    root            Loaded Command Group: ['gcloud', 'info']
2017-03-11 03:05:33,883 DEBUG    root            Loaded Command Group: ['gcloud', 'feedback']
2017-03-11 03:05:33,888 DEBUG    root            Loaded Command Group: ['gcloud', 'app']
2017-03-11 03:05:33,894 DEBUG    root            Loaded Command Group: ['gcloud', 'topic']
2017-03-11 03:05:33,897 DEBUG    root            Loaded Command Group: ['gcloud', 'meta']
2017-03-11 03:05:33,900 DEBUG    root            Loaded Command Group: ['gcloud', 'datastore']
2017-03-11 03:05:33,902 DEBUG    root            Loaded Command Group: ['gcloud', 'help']
2017-03-11 03:05:33,904 DEBUG    root            Loaded Command Group: ['gcloud', 'iam']
2017-03-11 03:05:33,911 DEBUG    root            No implementation for release track [GA] in file: [/usr/lib64/google-cloud-sdk/lib/surface/genomics/__init__.pyc]
2017-03-11 03:05:33,913 DEBUG    root            No implementation for release track [GA] in file: [/usr/lib64/google-cloud-sdk/lib/surface/functions/__init__.pyc]
2017-03-11 03:05:33,962 DEBUG    root            Loaded Command Group: ['gcloud', 'container']
2017-03-11 03:05:33,971 DEBUG    root            No implementation for release track [GA] in file: [/usr/lib64/google-cloud-sdk/lib/surface/billing/__init__.pyc]
2017-03-11 03:05:34,004 DEBUG    root            Loaded Command Group: ['gcloud', 'source']
2017-03-11 03:05:34,031 DEBUG    root            Loaded Command Group: ['gcloud', 'init']
2017-03-11 03:05:34,033 DEBUG    root            Loaded Command Group: ['gcloud', 'version']
2017-03-11 03:05:34,036 DEBUG    root            No implementation for release track [GA] in file: [/usr/lib64/google-cloud-sdk/lib/surface/kms/__init__.pyc]
2017-03-11 03:05:34,038 DEBUG    root            Loaded Command Group: ['gcloud', 'projects']
2017-03-11 03:05:34,040 DEBUG    root            Loaded Command Group: ['gcloud', 'dns']
2017-03-11 03:05:34,046 DEBUG    root            No implementation for release track [GA] in file: [/usr/lib64/google-cloud-sdk/lib/surface/test/__init__.pyc]
2017-03-11 03:05:34,048 DEBUG    root            Loaded Command Group: ['gcloud', 'config']
2017-03-11 03:05:34,051 DEBUG    root            No implementation for release track [GA] in file: [/usr/lib64/google-cloud-sdk/lib/surface/pubsub/__init__.pyc]
2017-03-11 03:05:34,055 DEBUG    root            No implementation for release track [GA] in file: [/usr/lib64/google-cloud-sdk/lib/surface/bio/__init__.pyc]
2017-03-11 03:05:34,271 DEBUG    root            No implementation for release track [GA] in file: [/usr/lib64/google-cloud-sdk/lib/surface/shell.pyc]
2017-03-11 03:05:34,275 DEBUG    root            No implementation for release track [GA] in file: [/usr/lib64/google-cloud-sdk/lib/surface/error_reporting/__init__.pyc]
2017-03-11 03:05:34,279 DEBUG    root            No implementation for release track [GA] in file: [/usr/lib64/google-cloud-sdk/lib/surface/service_registry/__init__.pyc]
2017-03-11 03:05:34,280 DEBUG    root            Loaded Command Group: ['gcloud', 'dataproc']
2017-03-11 03:05:34,284 DEBUG    root            No implementation for release track [GA] in file: [/usr/lib64/google-cloud-sdk/lib/surface/emulators/__init__.pyc]
2017-03-11 03:05:34,289 DEBUG    root            Loaded Command Group: ['gcloud', 'auth']
2017-03-11 03:05:34,299 DEBUG    root            No implementation for release track [GA] in file: [/usr/lib64/google-cloud-sdk/lib/surface/search_help.pyc]
2017-03-11 03:05:34,300 DEBUG    root            No implementation for release track [GA] in file: [/usr/lib64/google-cloud-sdk/lib/surface/logging/__init__.pyc]
2017-03-11 03:05:34,302 DEBUG    root            Loaded Command Group: ['gcloud', 'sql']
2017-03-11 03:05:34,308 DEBUG    root            No implementation for release track [GA] in file: [/usr/lib64/google-cloud-sdk/lib/surface/spanner/__init__.pyc]
2017-03-11 03:05:34,310 DEBUG    root            No implementation for release track [GA] in file: [/usr/lib64/google-cloud-sdk/lib/surface/bigtable/__init__.pyc]
2017-03-11 03:05:34,311 DEBUG    root            No implementation for release track [GA] in file: [/usr/lib64/google-cloud-sdk/lib/surface/resource_manager/__init__.pyc]
2017-03-11 03:05:34,313 DEBUG    root            Loaded Command Group: ['gcloud', 'organizations']
2017-03-11 03:05:34,317 DEBUG    root            Loaded Command Group: ['gcloud', 'compute']
2017-03-11 03:05:34,345 DEBUG    root            Loaded Command Group: ['gcloud', 'service_management']
2017-03-11 03:05:34,349 DEBUG    root            Loaded Command Group: ['gcloud', 'dataflow']
2017-03-11 03:05:34,351 DEBUG    root            No implementation for release track [GA] in file: [/usr/lib64/google-cloud-sdk/lib/surface/ml/__init__.pyc]
2017-03-11 03:05:34,352 DEBUG    root            No implementation for release track [GA] in file: [/usr/lib64/google-cloud-sdk/lib/surface/runtime_config/__init__.pyc]
2017-03-11 03:05:34,353 DEBUG    root            Loaded Command Group: ['gcloud', 'components']
2017-03-11 03:05:34,358 DEBUG    root            Loaded Command Group: ['gcloud', 'debug']
2017-03-11 03:05:34,363 DEBUG    root            Loaded Command Group: ['gcloud', 'docker']
2017-03-11 03:05:34,366 DEBUG    root            Loaded Command Group: ['gcloud', 'deployment_manager']
