2017-03-11 03:37:36,546 DEBUG    root            Loaded Command Group: ['gcloud', 'auth']
2017-03-11 03:37:36,547 DEBUG    root            Loaded Command Group: ['gcloud', 'auth', 'application_default']
2017-03-11 03:37:36,549 DEBUG    root            Loaded Command Group: ['gcloud', 'auth', 'application-default', 'login']
2017-03-11 03:37:36,550 DEBUG    root            Running gcloud.auth.application-default.login with Namespace(_deepest_parser=ArgumentParser(prog='gcloud.auth.application-default.login', usage=None, description='Obtains user access credentials via a web flow and puts them in the\nwell-known location for Application Default Credentials to use them as a proxy\nfor a service account.\n\nThis command is useful for when you are developing code that would normally\nuse a service account, but you need to run the code in a local development\nenvironment, and it is easier to provide user credentials. The credentials\nwill apply to all API calls that make use of the Application Default\nCredentials client library.\n\nThis command has no effect on the user account(s) set up by the\n`gcloud auth login` command. Any credentials previously generated by this\ncommand will be overwritten.', version=None, formatter_class=<class 'argparse.HelpFormatter'>, conflict_handler='error', add_help=False), _specified_args={}, account=None, authority_selector=None, authorization_token_file=None, calliope_command=<googlecloudsdk.calliope.backend.Command object at 0x25d82d0>, client_id_file=None, command_path=['gcloud', 'auth', 'application-default', 'login'], configuration=None, credential_file_override=None, document=None, flatten=None, format=None, h=None, help=None, http_timeout=None, launch_browser=True, log_http=None, project=None, quiet=None, scopes=None, trace_email=None, trace_log=None, trace_token=None, user_output_enabled=None, verbosity='warning', version=None).
2017-03-11 03:37:39,201 INFO     ___FILE_ONLY___ Go to the following link in your browser:

    https://accounts.google.com/o/oauth2/auth?redirect_uri=urn%3Aietf%3Awg%3Aoauth%3A2.0%3Aoob&prompt=select_account&response_type=code&client_id=764086051850-6qr4p6gpi6hn506pt8ejuq83di341hur.apps.googleusercontent.com&scope=https%3A%2F%2Fwww.googleapis.com%2Fauth%2Fuserinfo.email+https%3A%2F%2Fwww.googleapis.com%2Fauth%2Fcloud-platform&access_type=offline



2017-03-11 03:38:06,473 INFO     oauth2client.client Failed to retrieve access token: {
  "error" : "invalid_grant"
}
2017-03-11 03:38:06,473 ERROR    root            There was a problem with web authentication.
2017-03-11 03:38:06,473 DEBUG    root            (gcloud.auth.application-default.login) invalid_grant
Traceback (most recent call last):
  File "/usr/lib64/google-cloud-sdk/lib/googlecloudsdk/calliope/cli.py", line 742, in Execute
    resources = args.calliope_command.Run(cli=self, args=args)
  File "/usr/lib64/google-cloud-sdk/lib/googlecloudsdk/calliope/backend.py", line 739, in Run
    resources = command_instance.Run(args)
  File "/usr/lib64/google-cloud-sdk/lib/surface/auth/application_default/login.py", line 123, in Run
    client_secret=auth_util.DEFAULT_CREDENTIALS_DEFAULT_CLIENT_SECRET)
  File "/usr/lib64/google-cloud-sdk/lib/googlecloudsdk/api_lib/auth/util.py", line 122, in DoInstalledAppBrowserFlow
    client_secret=client_secret)
  File "/usr/lib64/google-cloud-sdk/lib/googlecloudsdk/core/credentials/store.py", line 482, in AcquireFromWebFlow
    return RunWebFlow(webflow, launch_browser=launch_browser)
  File "/usr/lib64/google-cloud-sdk/lib/googlecloudsdk/core/credentials/store.py", line 505, in RunWebFlow
    raise FlowError(e)
FlowError: invalid_grant
2017-03-11 03:38:06,474 ERROR    root            (gcloud.auth.application-default.login) invalid_grant
